
*** Running vivado
    with args -log EthernetRx.vds -m64 -product Vivado -mode batch -messageDb vivado.pb -notrace -source EthernetRx.tcl



****** Vivado v2024.1 (64-bit)
  **** SW Build 5076996 on Wed May 22 18:37:14 MDT 2024
  **** IP Build 5075265 on Wed May 22 21:45:21 MDT 2024
  **** SharedData Build 5076995 on Wed May 22 18:29:18 MDT 2024
  **** Start of session at: Tue Dec 17 19:27:28 2024
    ** Copyright 1986-2022 Xilinx, Inc. All Rights Reserved.
    ** Copyright 2022-2024 Advanced Micro Devices, Inc. All Rights Reserved.

source EthernetRx.tcl -notrace
create_project: Time (s): cpu = 00:00:17 ; elapsed = 00:00:24 . Memory (MB): peak = 568.695 ; gain = 239.223
Command: read_checkpoint -auto_incremental -incremental C:/Users/mures/OneDrive/Desktop/SSC/PROIECT_SSC/ETHERNET_PROTOCOL/Ethernet/Ethernet.srcs/utils_1/imports/synth_1/EthernetTx.dcp
INFO: [Vivado 12-5825] Read reference checkpoint from C:/Users/mures/OneDrive/Desktop/SSC/PROIECT_SSC/ETHERNET_PROTOCOL/Ethernet/Ethernet.srcs/utils_1/imports/synth_1/EthernetTx.dcp for incremental synthesis
INFO: [Vivado 12-7989] Please ensure there are no constraint changes
Command: synth_design -top EthernetRx -part xc7a50ticsg324-1L
Starting synth_design
Attempting to get a license for feature 'Synthesis' and/or device 'xc7a50ti'
INFO: [Common 17-349] Got license for feature 'Synthesis' and/or device 'xc7a50ti'
INFO: [Synth 8-7079] Multithreading enabled for synth_design using a maximum of 2 processes.
INFO: [Synth 8-7078] Launching helper process for spawning children vivado processes
INFO: [Synth 8-7075] Helper process launched with PID 16208
---------------------------------------------------------------------------------
Starting Synthesize : Time (s): cpu = 00:00:11 ; elapsed = 00:00:12 . Memory (MB): peak = 1025.867 ; gain = 445.418
---------------------------------------------------------------------------------
INFO: [Synth 8-638] synthesizing module 'EthernetRx' [C:/Users/mures/OneDrive/Desktop/SSC/PROIECT_SSC/ETHERNET_PROTOCOL/Ethernet/Ethernet.srcs/sources_1/new/EthernetRx.vhd:20]
INFO: [Synth 8-256] done synthesizing module 'EthernetRx' (0#1) [C:/Users/mures/OneDrive/Desktop/SSC/PROIECT_SSC/ETHERNET_PROTOCOL/Ethernet/Ethernet.srcs/sources_1/new/EthernetRx.vhd:20]
---------------------------------------------------------------------------------
Finished Synthesize : Time (s): cpu = 00:00:15 ; elapsed = 00:00:16 . Memory (MB): peak = 1135.484 ; gain = 555.035
---------------------------------------------------------------------------------
---------------------------------------------------------------------------------
Finished Constraint Validation : Time (s): cpu = 00:00:16 ; elapsed = 00:00:17 . Memory (MB): peak = 1135.484 ; gain = 555.035
---------------------------------------------------------------------------------
---------------------------------------------------------------------------------
Start Loading Part and Timing Information
---------------------------------------------------------------------------------
Loading part: xc7a50ticsg324-1L
---------------------------------------------------------------------------------
INFO: [Device 21-403] Loading part xc7a50ticsg324-1L
Finished Loading Part and Timing Information : Time (s): cpu = 00:00:16 ; elapsed = 00:00:17 . Memory (MB): peak = 1135.484 ; gain = 555.035
---------------------------------------------------------------------------------
---------------------------------------------------------------------------------
Start Preparing Guide Design
---------------------------------------------------------------------------------
CRITICAL WARNING: [Synth 8-6895] The reference checkpoint C:/Users/mures/OneDrive/Desktop/SSC/PROIECT_SSC/ETHERNET_PROTOCOL/Ethernet/Ethernet.srcs/utils_1/imports/synth_1/EthernetTx.dcp is not suitable for use with incremental synthesis for this design. Please regenerate the checkpoint for this design with -incremental_synth switch in the same Vivado session that synth_design has been run. Synthesis will continue with the default flow
---------------------------------------------------------------------------------
Finished Doing Graph Differ : Time (s): cpu = 00:00:16 ; elapsed = 00:00:17 . Memory (MB): peak = 1135.484 ; gain = 555.035
---------------------------------------------------------------------------------
---------------------------------------------------------------------------------
Finished Preparing Guide Design : Time (s): cpu = 00:00:16 ; elapsed = 00:00:17 . Memory (MB): peak = 1135.484 ; gain = 555.035
---------------------------------------------------------------------------------
---------------------------------------------------------------------------------
Finished RTL Optimization Phase 2 : Time (s): cpu = 00:00:16 ; elapsed = 00:00:17 . Memory (MB): peak = 1135.484 ; gain = 555.035
---------------------------------------------------------------------------------


Incremental Synthesis Report Summary:

1. Incremental synthesis run: no

   Reason for not running incremental synthesis : 


INFO: [Synth 8-7130] Flow is switching to default flow due to incremental criteria not met. If you would like to alter this behaviour and have the flow terminate instead, please set the following parameter config_implementation {autoIncr.Synth.RejectBehavior Terminate}
No constraint files found.
---------------------------------------------------------------------------------
Start RTL Component Statistics 
---------------------------------------------------------------------------------
Detailed RTL Component Info : 
+---Adders : 
	   2 Input    8 Bit       Adders := 1     
+---Registers : 
	              240 Bit    Registers := 1     
	              128 Bit    Registers := 1     
	               48 Bit    Registers := 2     
	               16 Bit    Registers := 1     
	                8 Bit    Registers := 1     
	                1 Bit    Registers := 1     
+---Muxes : 
	   2 Input    8 Bit        Muxes := 1     
	   2 Input    1 Bit        Muxes := 2     
---------------------------------------------------------------------------------
Finished RTL Component Statistics 
---------------------------------------------------------------------------------
---------------------------------------------------------------------------------
Start Part Resource Summary
---------------------------------------------------------------------------------
INFO: [Device 21-9227] Part: xc7a50ticsg324-1L does not have CEAM library.
Part Resources:
DSPs: 120 (col length:60)
BRAMs: 150 (col length: RAMB18 60 RAMB36 30)
---------------------------------------------------------------------------------
Finished Part Resource Summary
---------------------------------------------------------------------------------
No constraint files found.
---------------------------------------------------------------------------------
Start Cross Boundary and Area Optimization
---------------------------------------------------------------------------------
WARNING: [Synth 8-7080] Parallel synthesis criteria is not met
---------------------------------------------------------------------------------
Finished Cross Boundary and Area Optimization : Time (s): cpu = 00:00:26 ; elapsed = 00:00:44 . Memory (MB): peak = 1323.445 ; gain = 742.996
---------------------------------------------------------------------------------
No constraint files found.
---------------------------------------------------------------------------------
Start Timing Optimization
---------------------------------------------------------------------------------
---------------------------------------------------------------------------------
Finished Timing Optimization : Time (s): cpu = 00:00:27 ; elapsed = 00:00:44 . Memory (MB): peak = 1323.445 ; gain = 742.996
---------------------------------------------------------------------------------
---------------------------------------------------------------------------------
Start Technology Mapping
---------------------------------------------------------------------------------
---------------------------------------------------------------------------------
Finished Technology Mapping : Time (s): cpu = 00:00:27 ; elapsed = 00:00:44 . Memory (MB): peak = 1323.445 ; gain = 742.996
---------------------------------------------------------------------------------
---------------------------------------------------------------------------------
Start IO Insertion
---------------------------------------------------------------------------------
---------------------------------------------------------------------------------
Start Flattening Before IO Insertion
---------------------------------------------------------------------------------
---------------------------------------------------------------------------------
Finished Flattening Before IO Insertion
---------------------------------------------------------------------------------
---------------------------------------------------------------------------------
Start Final Netlist Cleanup
---------------------------------------------------------------------------------
---------------------------------------------------------------------------------
Finished Final Netlist Cleanup
---------------------------------------------------------------------------------
---------------------------------------------------------------------------------
Finished IO Insertion : Time (s): cpu = 00:00:42 ; elapsed = 00:00:59 . Memory (MB): peak = 1323.445 ; gain = 742.996
---------------------------------------------------------------------------------
---------------------------------------------------------------------------------
Start Renaming Generated Instances
---------------------------------------------------------------------------------
---------------------------------------------------------------------------------
Finished Renaming Generated Instances : Time (s): cpu = 00:00:42 ; elapsed = 00:00:59 . Memory (MB): peak = 1323.445 ; gain = 742.996
---------------------------------------------------------------------------------
---------------------------------------------------------------------------------
Start Rebuilding User Hierarchy
---------------------------------------------------------------------------------
---------------------------------------------------------------------------------
Finished Rebuilding User Hierarchy : Time (s): cpu = 00:00:42 ; elapsed = 00:00:59 . Memory (MB): peak = 1323.445 ; gain = 742.996
---------------------------------------------------------------------------------
---------------------------------------------------------------------------------
Start Renaming Generated Ports
---------------------------------------------------------------------------------
---------------------------------------------------------------------------------
Finished Renaming Generated Ports : Time (s): cpu = 00:00:42 ; elapsed = 00:00:59 . Memory (MB): peak = 1323.445 ; gain = 742.996
---------------------------------------------------------------------------------
---------------------------------------------------------------------------------
Start Handling Custom Attributes
---------------------------------------------------------------------------------
---------------------------------------------------------------------------------
Finished Handling Custom Attributes : Time (s): cpu = 00:00:42 ; elapsed = 00:00:59 . Memory (MB): peak = 1323.445 ; gain = 742.996
---------------------------------------------------------------------------------
---------------------------------------------------------------------------------
Start Renaming Generated Nets
---------------------------------------------------------------------------------
---------------------------------------------------------------------------------
Finished Renaming Generated Nets : Time (s): cpu = 00:00:42 ; elapsed = 00:00:59 . Memory (MB): peak = 1323.445 ; gain = 742.996
---------------------------------------------------------------------------------
---------------------------------------------------------------------------------
Start Writing Synthesis Report
---------------------------------------------------------------------------------

Report BlackBoxes: 
+-+--------------+----------+
| |BlackBox name |Instances |
+-+--------------+----------+
+-+--------------+----------+

Report Cell Usage: 
+------+-----+------+
|      |Cell |Count |
+------+-----+------+
|1     |BUFG |     1|
|2     |LUT3 |     1|
|3     |LUT4 |     3|
|4     |LUT5 |     7|
|5     |LUT6 |     4|
|6     |FDCE |   249|
|7     |FDRE |   240|
|8     |IBUF |     3|
|9     |OBUF |   241|
+------+-----+------+

Report Instance Areas: 
+------+---------+-------+------+
|      |Instance |Module |Cells |
+------+---------+-------+------+
|1     |top      |       |   749|
+------+---------+-------+------+
---------------------------------------------------------------------------------
Finished Writing Synthesis Report : Time (s): cpu = 00:00:42 ; elapsed = 00:00:59 . Memory (MB): peak = 1323.445 ; gain = 742.996
---------------------------------------------------------------------------------
Synthesis finished with 0 errors, 1 critical warnings and 1 warnings.
Synthesis Optimization Runtime : Time (s): cpu = 00:00:42 ; elapsed = 00:00:59 . Memory (MB): peak = 1323.445 ; gain = 742.996
Synthesis Optimization Complete : Time (s): cpu = 00:00:42 ; elapsed = 00:00:59 . Memory (MB): peak = 1323.445 ; gain = 742.996
INFO: [Project 1-571] Translating synthesized netlist
Netlist sorting complete. Time (s): cpu = 00:00:00 ; elapsed = 00:00:00.014 . Memory (MB): peak = 1327.309 ; gain = 0.000
INFO: [Project 1-570] Preparing netlist for logic optimization
INFO: [Opt 31-138] Pushed 0 inverter(s) to 0 load pin(s).
Netlist sorting complete. Time (s): cpu = 00:00:00 ; elapsed = 00:00:00 . Memory (MB): peak = 1421.676 ; gain = 0.000
INFO: [Project 1-111] Unisim Transformation Summary:
No Unisim elements were transformed.

Synth Design complete | Checksum: f25332eb
INFO: [Common 17-83] Releasing license: Synthesis
16 Infos, 1 Warnings, 1 Critical Warnings and 0 Errors encountered.
synth_design completed successfully
synth_design: Time (s): cpu = 00:00:45 ; elapsed = 00:01:03 . Memory (MB): peak = 1421.676 ; gain = 848.480
INFO: [runtcl-6] Synthesis results are not added to the cache due to CRITICAL_WARNING
Write ShapeDB Complete: Time (s): cpu = 00:00:00 ; elapsed = 00:00:00.005 . Memory (MB): peak = 1421.676 ; gain = 0.000
INFO: [Common 17-1381] The checkpoint 'C:/Users/mures/OneDrive/Desktop/SSC/PROIECT_SSC/ETHERNET_PROTOCOL/Ethernet/Ethernet.runs/synth_1/EthernetRx.dcp' has been generated.
INFO: [Vivado 12-24828] Executing command : report_utilization -file EthernetRx_utilization_synth.rpt -pb EthernetRx_utilization_synth.pb
INFO: [Common 17-206] Exiting Vivado at Tue Dec 17 19:29:08 2024...
